app/build/outputs/logs/manifest-merger-release-report.txt
-- Merging decision tree log ---
manifest
ADDED from src/main/AndroidManifest.xml:2:1-48:12
INJECTED from src/main/AndroidManifest.xml:2:1-48:12
INJECTED from src/main/AndroidManifest.xml:2:1-48:12
INJECTED from src/main/AndroidManifest.xml:2:1-48:12
MERGED from [com.afollestad.rxkprefs:core:2.0.3] AndroidManifest.xml:2:1-13:12
MERGED from [com.afollestad.material-dialogs:input:3.1.1] AndroidManifest.xml:2:1-13:12
MERGED from [com.afollestad.material-dialogs:core:3.1.1] AndroidManifest.xml:2:1-13:12
MERGED from [com.google.android.material:material:1.0.0] AndroidManifest.xml:17:1-24:12
MERGED from [com.naver.maps:map-sdk:3.5.0] AndroidManifest.xml:2:1-40:12
MERGED from [androidx.preference:preference:1.1.0] AndroidManifest.xml:17:1-24:12
MERGED from [androidx.appcompat:appcompat:1.1.0] AndroidManifest.xml:17:1-24:12
MERGED from [androidx.core:core-ktx:1.1.0] AndroidManifest.xml:2:1-9:12
MERGED from [androidx.constraintlayout:constraintlayout:1.1.3] AndroidManifest.xml:2:1-11:12
MERGED from [com.jakewharton.rxbinding3:rxbinding:3.1.0] AndroidManifest.xml:2:1-7:12
MERGED from [io.reactivex.rxjava2:rxandroid:2.1.1] AndroidManifest.xml:15:1-20:12
MERGED from [androidx.legacy:legacy-support-v4:1.0.0] AndroidManifest.xml:17:1-22:12
MERGED from [com.google.android.gms:play-services-ads:18.0.0] AndroidManifest.xml:17:1-25:12
MERGED from [com.google.android.gms:play-services-maps:17.0.0] AndroidManifest.xml:17:1-38:12
MERGED from [com.google.android.gms:play-services-location:17.0.0] AndroidManifest.xml:2:1-9:12
MERGED from [com.google.android.gms:play-services-ads-identifier:17.0.0] AndroidManifest.xml:17:1-24:12
MERGED from [com.google.android.gms:play-services-ads-lite:18.0.0] AndroidManifest.xml:17:1-42:12
MERGED from [com.google.android.gms:play-services-gass:18.0.0] AndroidManifest.xml:2:1-9:12
MERGED from [com.google.android.gms:play-services-base:17.0.0] AndroidManifest.xml:17:1-29:12
MERGED from [com.google.android.gms:play-services-places-placereport:17.0.0] AndroidManifest.xml:17:1-24:12
MERGED from [com.google.android.gms:play-services-tasks:17.0.0] AndroidManifest.xml:2:1-9:12
MERGED from [com.google.android.gms:play-services-measurement-sdk-api:17.0.0] AndroidManifest.xml:17:1-40:12
MERGED from [com.google.android.gms:play-services-measurement-base:17.0.0] AndroidManifest.xml:2:1-9:12
MERGED from [com.google.android.gms:play-services-basement:17.0.0] AndroidManifest.xml:17:1-28:12
MERGED from [androidx.fragment:fragment:1.1.0] AndroidManifest.xml:17:1-24:12
MERGED from [androidx.appcompat:appcompat-resources:1.1.0] AndroidManifest.xml:17:1-24:12
MERGED from [androidx.recyclerview:recyclerview:1.0.0] AndroidManifest.xml:17:1-22:12
MERGED from [androidx.browser:browser:1.0.0] AndroidManifest.xml:17:1-22:12
MERGED from [androidx.legacy:legacy-support-core-ui:1.0.0] AndroidManifest.xml:17:1-22:12
MERGED from [androidx.drawerlayout:drawerlayout:1.0.0] AndroidManifest.xml:17:1-22:12
MERGED from [androidx.legacy:legacy-support-core-utils:1.0.0] AndroidManifest.xml:17:1-22:12
MERGED from [androidx.transition:transition:1.0.0] AndroidManifest.xml:17:1-22:12
MERGED from [androidx.media:media:1.0.0] AndroidManifest.xml:17:1-22:12
MERGED from [androidx.viewpager:viewpager:1.0.0] AndroidManifest.xml:17:1-22:12
MERGED from [androidx.loader:loader:1.0.0] AndroidManifest.xml:17:1-22:12
MERGED from [androidx.activity:activity:1.0.0] AndroidManifest.xml:17:1-24:12
MERGED from [androidx.vectordrawable:vectordrawable-animated:1.1.0] AndroidManifest.xml:17:1-24:12
MERGED from [androidx.vectordrawable:vectordrawable:1.1.0] AndroidManifest.xml:17:1-24:12
MERGED from [androidx.coordinatorlayout:coordinatorlayout:1.0.0] AndroidManifest.xml:17:1-22:12
MERGED from [androidx.slidingpanelayout:slidingpanelayout:1.0.0] AndroidManifest.xml:17:1-22:12
MERGED from [androidx.customview:customview:1.0.0] AndroidManifest.xml:17:1-22:12
MERGED from [androidx.swiperefreshlayout:swiperefreshlayout:1.0.0] AndroidManifest.xml:17:1-22:12
MERGED from [androidx.asynclayoutinflater:asynclayoutinflater:1.0.0] AndroidManifest.xml:17:1-22:12
MERGED from [androidx.core:core:1.1.0] AndroidManifest.xml:17:1-26:12
MERGED from [androidx.cursoradapter:cursoradapter:1.0.0] AndroidManifest.xml:17:1-22:12
MERGED from [androidx.cardview:cardview:1.0.0] AndroidManifest.xml:17:1-22:12
MERGED from [com.naver.maps:geometry:1.1.0] AndroidManifest.xml:2:1-11:12
MERGED from [androidx.versionedparcelable:versionedparcelable:1.1.0] AndroidManifest.xml:17:1-27:12
MERGED from [androidx.interpolator:interpolator:1.0.0] AndroidManifest.xml:17:1-22:12
MERGED from [androidx.documentfile:documentfile:1.0.0] AndroidManifest.xml:17:1-22:12
MERGED from [androidx.localbroadcastmanager:localbroadcastmanager:1.0.0] AndroidManifest.xml:17:1-22:12
MERGED from [androidx.print:print:1.0.0] AndroidManifest.xml:17:1-22:12
MERGED from [androidx.lifecycle:lifecycle-runtime:2.1.0] AndroidManifest.xml:17:1-22:12
MERGED from [androidx.lifecycle:lifecycle-viewmodel:2.1.0] AndroidManifest.xml:17:1-22:12
MERGED from [androidx.savedstate:savedstate:1.0.0] AndroidManifest.xml:17:1-24:12
MERGED from [androidx.lifecycle:lifecycle-livedata:2.0.0] AndroidManifest.xml:17:1-22:12
MERGED from [androidx.lifecycle:lifecycle-livedata-core:2.0.0] AndroidManifest.xml:17:1-22:12
MERGED from [androidx.arch.core:core-runtime:2.0.0] AndroidManifest.xml:17:1-22:12
MERGED from [com.google.android.gms:play-services-ads-base:18.0.0] AndroidManifest.xml:2:1-9:12
MERGED from [com.getkeepsafe.relinker:relinker:1.3.1] AndroidManifest.xml:2:1-7:12
INJECTED from src/main/AndroidManifest.xml:2:1-48:12
INJECTED from src/main/AndroidManifest.xml:2:1-48:12
INJECTED from src/main/AndroidManifest.xml:2:1-48:12
	package
		ADDED from src/main/AndroidManifest.xml:3:11-37
		INJECTED from src/main/AndroidManifest.xml
		INJECTED from src/main/AndroidManifest.xml
	android:versionName
		INJECTED from src/main/AndroidManifest.xml
		ADDED from src/main/AndroidManifest.xml:2:1-48:12
		INJECTED from src/main/AndroidManifest.xml
	android:versionCode
		INJECTED from src/main/AndroidManifest.xml
		ADDED from src/main/AndroidManifest.xml:2:1-48:12
		INJECTED from src/main/AndroidManifest.xml
	xmlns:android
		ADDED from src/main/AndroidManifest.xml:2:11-69
uses-permission#android.permission.INTERNET
ADDED from src/main/AndroidManifest.xml:5:5-67
MERGED from [com.naver.maps:map-sdk:3.5.0] AndroidManifest.xml:18:5-67
MERGED from [com.naver.maps:map-sdk:3.5.0] AndroidManifest.xml:18:5-67
MERGED from [com.google.android.gms:play-services-maps:17.0.0] AndroidManifest.xml:24:5-67
MERGED from [com.google.android.gms:play-services-maps:17.0.0] AndroidManifest.xml:24:5-67
MERGED from [com.google.android.gms:play-services-ads-lite:18.0.0] AndroidManifest.xml:23:5-67
MERGED from [com.google.android.gms:play-services-ads-lite:18.0.0] AndroidManifest.xml:23:5-67
MERGED from [com.google.android.gms:play-services-measurement-sdk-api:17.0.0] AndroidManifest.xml:23:5-67
MERGED from [com.google.android.gms:play-services-measurement-sdk-api:17.0.0] AndroidManifest.xml:23:5-67
	android:name
		ADDED from src/main/AndroidManifest.xml:5:22-64
uses-permission#android.permission.ACCESS_NETWORK_STATE
ADDED from src/main/AndroidManifest.xml:6:5-79
MERGED from [com.naver.maps:map-sdk:3.5.0] AndroidManifest.xml:19:5-79
MERGED from [com.naver.maps:map-sdk:3.5.0] AndroidManifest.xml:19:5-79
MERGED from [com.google.android.gms:play-services-maps:17.0.0] AndroidManifest.xml:23:5-79
MERGED from [com.google.android.gms:play-services-maps:17.0.0] AndroidManifest.xml:23:5-79
MERGED from [com.google.android.gms:play-services-ads-lite:18.0.0] AndroidManifest.xml:24:5-79
MERGED from [com.google.android.gms:play-services-ads-lite:18.0.0] AndroidManifest.xml:24:5-79
MERGED from [com.google.android.gms:play-services-measurement-sdk-api:17.0.0] AndroidManifest.xml:24:5-79
MERGED from [com.google.android.gms:play-services-measurement-sdk-api:17.0.0] AndroidManifest.xml:24:5-79
	android:name
		ADDED from src/main/AndroidManifest.xml:6:22-76
uses-permission#android.permission.ACCESS_COARSE_LOCATION
ADDED from src/main/AndroidManifest.xml:7:5-81
	android:name
		ADDED from src/main/AndroidManifest.xml:7:22-78
uses-permission#android.permission.ACCESS_FINE_LOCATION
ADDED from src/main/AndroidManifest.xml:8:5-79
	android:name
		ADDED from src/main/AndroidManifest.xml:8:22-76
application
ADDED from src/main/AndroidManifest.xml:10:5-46:19
MERGED from [com.afollestad.rxkprefs:core:2.0.3] AndroidManifest.xml:11:5-20
MERGED from [com.afollestad.rxkprefs:core:2.0.3] AndroidManifest.xml:11:5-20
MERGED from [com.afollestad.material-dialogs:input:3.1.1] AndroidManifest.xml:11:5-47
MERGED from [com.afollestad.material-dialogs:input:3.1.1] AndroidManifest.xml:11:5-47
MERGED from [com.afollestad.material-dialogs:core:3.1.1] AndroidManifest.xml:11:5-47
MERGED from [com.afollestad.material-dialogs:core:3.1.1] AndroidManifest.xml:11:5-47
MERGED from [com.google.android.material:material:1.0.0] AndroidManifest.xml:22:5-20
MERGED from [com.google.android.material:material:1.0.0] AndroidManifest.xml:22:5-20
MERGED from [com.naver.maps:map-sdk:3.5.0] AndroidManifest.xml:22:5-38:19
MERGED from [com.naver.maps:map-sdk:3.5.0] AndroidManifest.xml:22:5-38:19
MERGED from [androidx.constraintlayout:constraintlayout:1.1.3] AndroidManifest.xml:9:5-20
MERGED from [androidx.constraintlayout:constraintlayout:1.1.3] AndroidManifest.xml:9:5-20
MERGED from [com.google.android.gms:play-services-maps:17.0.0] AndroidManifest.xml:30:5-36:19
MERGED from [com.google.android.gms:play-services-maps:17.0.0] AndroidManifest.xml:30:5-36:19
MERGED from [com.google.android.gms:play-services-location:17.0.0] AndroidManifest.xml:7:5-20
MERGED from [com.google.android.gms:play-services-location:17.0.0] AndroidManifest.xml:7:5-20
MERGED from [com.google.android.gms:play-services-ads-identifier:17.0.0] AndroidManifest.xml:22:5-20
MERGED from [com.google.android.gms:play-services-ads-identifier:17.0.0] AndroidManifest.xml:22:5-20
MERGED from [com.google.android.gms:play-services-ads-lite:18.0.0] AndroidManifest.xml:26:5-40:19
MERGED from [com.google.android.gms:play-services-ads-lite:18.0.0] AndroidManifest.xml:26:5-40:19
MERGED from [com.google.android.gms:play-services-gass:18.0.0] AndroidManifest.xml:7:5-20
MERGED from [com.google.android.gms:play-services-gass:18.0.0] AndroidManifest.xml:7:5-20
MERGED from [com.google.android.gms:play-services-base:17.0.0] AndroidManifest.xml:22:5-27:19
MERGED from [com.google.android.gms:play-services-base:17.0.0] AndroidManifest.xml:22:5-27:19
MERGED from [com.google.android.gms:play-services-places-placereport:17.0.0] AndroidManifest.xml:22:5-20
MERGED from [com.google.android.gms:play-services-places-placereport:17.0.0] AndroidManifest.xml:22:5-20
MERGED from [com.google.android.gms:play-services-tasks:17.0.0] AndroidManifest.xml:7:5-20
MERGED from [com.google.android.gms:play-services-tasks:17.0.0] AndroidManifest.xml:7:5-20
MERGED from [com.google.android.gms:play-services-measurement-sdk-api:17.0.0] AndroidManifest.xml:28:5-38:19
MERGED from [com.google.android.gms:play-services-measurement-sdk-api:17.0.0] AndroidManifest.xml:28:5-38:19
MERGED from [com.google.android.gms:play-services-measurement-base:17.0.0] AndroidManifest.xml:7:5-20
MERGED from [com.google.android.gms:play-services-measurement-base:17.0.0] AndroidManifest.xml:7:5-20
MERGED from [com.google.android.gms:play-services-basement:17.0.0] AndroidManifest.xml:22:5-26:19
MERGED from [com.google.android.gms:play-services-basement:17.0.0] AndroidManifest.xml:22:5-26:19
MERGED from [androidx.core:core:1.1.0] AndroidManifest.xml:24:5-89
MERGED from [androidx.core:core:1.1.0] AndroidManifest.xml:24:5-89
MERGED from [androidx.versionedparcelable:versionedparcelable:1.1.0] AndroidManifest.xml:24:5-25:19
MERGED from [androidx.versionedparcelable:versionedparcelable:1.1.0] AndroidManifest.xml:24:5-25:19
MERGED from [com.google.android.gms:play-services-ads-base:18.0.0] AndroidManifest.xml:7:5-20
MERGED from [com.google.android.gms:play-services-ads-base:18.0.0] AndroidManifest.xml:7:5-20
	android:appComponentFactory
		ADDED from [androidx.core:core:1.1.0] AndroidManifest.xml:24:18-86
	android:supportsRtl
		ADDED from src/main/AndroidManifest.xml:15:13-39
	android:label
		ADDED from src/main/AndroidManifest.xml:13:13-45
	android:roundIcon
		ADDED from src/main/AndroidManifest.xml:14:13-58
	android:icon
		ADDED from src/main/AndroidManifest.xml:12:13-47
	android:allowBackup
		ADDED from src/main/AndroidManifest.xml:11:13-40
	android:theme
		ADDED from src/main/AndroidManifest.xml:17:13-56
	android:name
		ADDED from src/main/AndroidManifest.xml:16:13-50
meta-data#com.naver.maps.map.CLIENT_ID
ADDED from src/main/AndroidManifest.xml:19:9-21:46
	android:value
		ADDED from src/main/AndroidManifest.xml:21:17-43
	android:name
		ADDED from src/main/AndroidManifest.xml:20:17-60
meta-data#com.google.android.gms.ads.APPLICATION_ID
ADDED from src/main/AndroidManifest.xml:23:9-25:55
	android:value
		ADDED from src/main/AndroidManifest.xml:25:17-53
	android:name
		ADDED from src/main/AndroidManifest.xml:24:17-73
activity#com.jungbae.mask.activity.IntroActivity
ADDED from src/main/AndroidManifest.xml:27:9-34:20
	android:name
		ADDED from src/main/AndroidManifest.xml:28:17-71
intent-filter#action:name:android.intent.action.MAIN+category:name:android.intent.category.DEFAULT+category:name:android.intent.category.LAUNCHER
ADDED from src/main/AndroidManifest.xml:29:13-33:29
action#android.intent.action.MAIN
ADDED from src/main/AndroidManifest.xml:30:17-69
	android:name
		ADDED from src/main/AndroidManifest.xml:30:25-66
category#android.intent.category.DEFAULT
ADDED from src/main/AndroidManifest.xml:31:17-76
	android:name
		ADDED from src/main/AndroidManifest.xml:31:27-73
category#android.intent.category.LAUNCHER
ADDED from src/main/AndroidManifest.xml:32:17-77
	android:name
		ADDED from src/main/AndroidManifest.xml:32:27-74
activity#com.jungbae.mask.activity.MainActivity
ADDED from src/main/AndroidManifest.xml:36:9-40:20
	android:label
		ADDED from src/main/AndroidManifest.xml:38:17-49
	android:theme
		ADDED from src/main/AndroidManifest.xml:39:17-60
	android:name
		ADDED from src/main/AndroidManifest.xml:37:17-70
activity#com.jungbae.mask.activity.NoticeActivity
ADDED from src/main/AndroidManifest.xml:42:9-44:55
	android:screenOrientation
		ADDED from src/main/AndroidManifest.xml:44:17-53
	android:name
		ADDED from src/main/AndroidManifest.xml:43:17-72
uses-sdk
INJECTED from src/main/AndroidManifest.xml reason: use-sdk injection requested
INJECTED from src/main/AndroidManifest.xml
INJECTED from src/main/AndroidManifest.xml
MERGED from [com.afollestad.rxkprefs:core:2.0.3] AndroidManifest.xml:7:5-9:41
MERGED from [com.afollestad.rxkprefs:core:2.0.3] AndroidManifest.xml:7:5-9:41
MERGED from [com.afollestad.material-dialogs:input:3.1.1] AndroidManifest.xml:7:5-9:41
MERGED from [com.afollestad.material-dialogs:input:3.1.1] AndroidManifest.xml:7:5-9:41
MERGED from [com.afollestad.material-dialogs:core:3.1.1] AndroidManifest.xml:7:5-9:41
MERGED from [com.afollestad.material-dialogs:core:3.1.1] AndroidManifest.xml:7:5-9:41
MERGED from [com.google.android.material:material:1.0.0] AndroidManifest.xml:20:5-44
MERGED from [com.google.android.material:material:1.0.0] AndroidManifest.xml:20:5-44
MERGED from [com.naver.maps:map-sdk:3.5.0] AndroidManifest.xml:7:5-9:41
MERGED from [com.naver.maps:map-sdk:3.5.0] AndroidManifest.xml:7:5-9:41
MERGED from [androidx.preference:preference:1.1.0] AndroidManifest.xml:20:5-22:41
MERGED from [androidx.preference:preference:1.1.0] AndroidManifest.xml:20:5-22:41
MERGED from [androidx.appcompat:appcompat:1.1.0] AndroidManifest.xml:20:5-22:41
MERGED from [androidx.appcompat:appcompat:1.1.0] AndroidManifest.xml:20:5-22:41
MERGED from [androidx.core:core-ktx:1.1.0] AndroidManifest.xml:5:5-7:41
MERGED from [androidx.core:core-ktx:1.1.0] AndroidManifest.xml:5:5-7:41
MERGED from [androidx.constraintlayout:constraintlayout:1.1.3] AndroidManifest.xml:5:5-7:41
MERGED from [androidx.constraintlayout:constraintlayout:1.1.3] AndroidManifest.xml:5:5-7:41
MERGED from [com.jakewharton.rxbinding3:rxbinding:3.1.0] AndroidManifest.xml:5:5-44
MERGED from [com.jakewharton.rxbinding3:rxbinding:3.1.0] AndroidManifest.xml:5:5-44
MERGED from [io.reactivex.rxjava2:rxandroid:2.1.1] AndroidManifest.xml:18:5-43
MERGED from [io.reactivex.rxjava2:rxandroid:2.1.1] AndroidManifest.xml:18:5-43
MERGED from [androidx.legacy:legacy-support-v4:1.0.0] AndroidManifest.xml:20:5-44
MERGED from [androidx.legacy:legacy-support-v4:1.0.0] AndroidManifest.xml:20:5-44
MERGED from [com.google.android.gms:play-services-ads:18.0.0] AndroidManifest.xml:21:5-23:52
MERGED from [com.google.android.gms:play-services-ads:18.0.0] AndroidManifest.xml:21:5-23:52
MERGED from [com.google.android.gms:play-services-maps:17.0.0] AndroidManifest.xml:20:5-44
MERGED from [com.google.android.gms:play-services-maps:17.0.0] AndroidManifest.xml:20:5-44
MERGED from [com.google.android.gms:play-services-location:17.0.0] AndroidManifest.xml:5:5-44
MERGED from [com.google.android.gms:play-services-location:17.0.0] AndroidManifest.xml:5:5-44
MERGED from [com.google.android.gms:play-services-ads-identifier:17.0.0] AndroidManifest.xml:20:5-44
MERGED from [com.google.android.gms:play-services-ads-identifier:17.0.0] AndroidManifest.xml:20:5-44
MERGED from [com.google.android.gms:play-services-ads-lite:18.0.0] AndroidManifest.xml:20:5-44
MERGED from [com.google.android.gms:play-services-ads-lite:18.0.0] AndroidManifest.xml:20:5-44
MERGED from [com.google.android.gms:play-services-gass:18.0.0] AndroidManifest.xml:5:5-44
MERGED from [com.google.android.gms:play-services-gass:18.0.0] AndroidManifest.xml:5:5-44
MERGED from [com.google.android.gms:play-services-base:17.0.0] AndroidManifest.xml:20:5-44
MERGED from [com.google.android.gms:play-services-base:17.0.0] AndroidManifest.xml:20:5-44
MERGED from [com.google.android.gms:play-services-places-placereport:17.0.0] AndroidManifest.xml:20:5-44
MERGED from [com.google.android.gms:play-services-places-placereport:17.0.0] AndroidManifest.xml:20:5-44
MERGED from [com.google.android.gms:play-services-tasks:17.0.0] AndroidManifest.xml:5:5-44
MERGED from [com.google.android.gms:play-services-tasks:17.0.0] AndroidManifest.xml:5:5-44
MERGED from [com.google.android.gms:play-services-measurement-sdk-api:17.0.0] AndroidManifest.xml:20:5-44
MERGED from [com.google.android.gms:play-services-measurement-sdk-api:17.0.0] AndroidManifest.xml:20:5-44
MERGED from [com.google.android.gms:play-services-measurement-base:17.0.0] AndroidManifest.xml:5:5-44
MERGED from [com.google.android.gms:play-services-measurement-base:17.0.0] AndroidManifest.xml:5:5-44
MERGED from [com.google.android.gms:play-services-basement:17.0.0] AndroidManifest.xml:20:5-44
MERGED from [com.google.android.gms:play-services-basement:17.0.0] AndroidManifest.xml:20:5-44
MERGED from [androidx.fragment:fragment:1.1.0] AndroidManifest.xml:20:5-22:41
MERGED from [androidx.fragment:fragment:1.1.0] AndroidManifest.xml:20:5-22:41
MERGED from [androidx.appcompat:appcompat-resources:1.1.0] AndroidManifest.xml:20:5-22:41
MERGED from [androidx.appcompat:appcompat-resources:1.1.0] AndroidManifest.xml:20:5-22:41
MERGED from [androidx.recyclerview:recyclerview:1.0.0] AndroidManifest.xml:20:5-44
MERGED from [androidx.recyclerview:recyclerview:1.0.0] AndroidManifest.xml:20:5-44
MERGED from [androidx.browser:browser:1.0.0] AndroidManifest.xml:20:5-44
MERGED from [androidx.browser:browser:1.0.0] AndroidManifest.xml:20:5-44
MERGED from [androidx.legacy:legacy-support-core-ui:1.0.0] AndroidManifest.xml:20:5-44
MERGED from [androidx.legacy:legacy-support-core-ui:1.0.0] AndroidManifest.xml:20:5-44
MERGED from [androidx.drawerlayout:drawerlayout:1.0.0] AndroidManifest.xml:20:5-44
MERGED from [androidx.drawerlayout:drawerlayout:1.0.0] AndroidManifest.xml:20:5-44
MERGED from [androidx.legacy:legacy-support-core-utils:1.0.0] AndroidManifest.xml:20:5-44
MERGED from [androidx.legacy:legacy-support-core-utils:1.0.0] AndroidManifest.xml:20:5-44
MERGED from [androidx.transition:transition:1.0.0] AndroidManifest.xml:20:5-44
MERGED from [androidx.transition:transition:1.0.0] AndroidManifest.xml:20:5-44
MERGED from [androidx.media:media:1.0.0] AndroidManifest.xml:20:5-44
MERGED from [androidx.media:media:1.0.0] AndroidManifest.xml:20:5-44
MERGED from [androidx.viewpager:viewpager:1.0.0] AndroidManifest.xml:20:5-44
MERGED from [androidx.viewpager:viewpager:1.0.0] AndroidManifest.xml:20:5-44
MERGED from [androidx.loader:loader:1.0.0] AndroidManifest.xml:20:5-44
MERGED from [androidx.loader:loader:1.0.0] AndroidManifest.xml:20:5-44
MERGED from [androidx.activity:activity:1.0.0] AndroidManifest.xml:20:5-22:41
MERGED from [androidx.activity:activity:1.0.0] AndroidManifest.xml:20:5-22:41
MERGED from [androidx.vectordrawable:vectordrawable-animated:1.1.0] AndroidManifest.xml:20:5-22:41
MERGED from [androidx.vectordrawable:vectordrawable-animated:1.1.0] AndroidManifest.xml:20:5-22:41
MERGED from [androidx.vectordrawable:vectordrawable:1.1.0] AndroidManifest.xml:20:5-22:41
MERGED from [androidx.vectordrawable:vectordrawable:1.1.0] AndroidManifest.xml:20:5-22:41
MERGED from [androidx.coordinatorlayout:coordinatorlayout:1.0.0] AndroidManifest.xml:20:5-44
MERGED from [androidx.coordinatorlayout:coordinatorlayout:1.0.0] AndroidManifest.xml:20:5-44
MERGED from [androidx.slidingpanelayout:slidingpanelayout:1.0.0] AndroidManifest.xml:20:5-44
MERGED from [androidx.slidingpanelayout:slidingpanelayout:1.0.0] AndroidManifest.xml:20:5-44
MERGED from [androidx.customview:customview:1.0.0] AndroidManifest.xml:20:5-44
MERGED from [androidx.customview:customview:1.0.0] AndroidManifest.xml:20:5-44
MERGED from [androidx.swiperefreshlayout:swiperefreshlayout:1.0.0] AndroidManifest.xml:20:5-44
MERGED from [androidx.swiperefreshlayout:swiperefreshlayout:1.0.0] AndroidManifest.xml:20:5-44
MERGED from [androidx.asynclayoutinflater:asynclayoutinflater:1.0.0] AndroidManifest.xml:20:5-44
MERGED from [androidx.asynclayoutinflater:asynclayoutinflater:1.0.0] AndroidManifest.xml:20:5-44
MERGED from [androidx.core:core:1.1.0] AndroidManifest.xml:20:5-22:41
MERGED from [androidx.core:core:1.1.0] AndroidManifest.xml:20:5-22:41
MERGED from [androidx.cursoradapter:cursoradapter:1.0.0] AndroidManifest.xml:20:5-44
MERGED from [androidx.cursoradapter:cursoradapter:1.0.0] AndroidManifest.xml:20:5-44
MERGED from [androidx.cardview:cardview:1.0.0] AndroidManifest.xml:20:5-44
MERGED from [androidx.cardview:cardview:1.0.0] AndroidManifest.xml:20:5-44
MERGED from [com.naver.maps:geometry:1.1.0] AndroidManifest.xml:7:5-9:41
MERGED from [com.naver.maps:geometry:1.1.0] AndroidManifest.xml:7:5-9:41
MERGED from [androidx.versionedparcelable:versionedparcelable:1.1.0] AndroidManifest.xml:20:5-22:41
MERGED from [androidx.versionedparcelable:versionedparcelable:1.1.0] AndroidManifest.xml:20:5-22:41
MERGED from [androidx.interpolator:interpolator:1.0.0] AndroidManifest.xml:20:5-44
MERGED from [androidx.interpolator:interpolator:1.0.0] AndroidManifest.xml:20:5-44
MERGED from [androidx.documentfile:documentfile:1.0.0] AndroidManifest.xml:20:5-44
MERGED from [androidx.documentfile:documentfile:1.0.0] AndroidManifest.xml:20:5-44
MERGED from [androidx.localbroadcastmanager:localbroadcastmanager:1.0.0] AndroidManifest.xml:20:5-44
MERGED from [androidx.localbroadcastmanager:localbroadcastmanager:1.0.0] AndroidManifest.xml:20:5-44
MERGED from [androidx.print:print:1.0.0] AndroidManifest.xml:20:5-44
MERGED from [androidx.print:print:1.0.0] AndroidManifest.xml:20:5-44
MERGED from [androidx.lifecycle:lifecycle-runtime:2.1.0] AndroidManifest.xml:20:5-44
MERGED from [androidx.lifecycle:lifecycle-runtime:2.1.0] AndroidManifest.xml:20:5-44
MERGED from [androidx.lifecycle:lifecycle-viewmodel:2.1.0] AndroidManifest.xml:20:5-44
MERGED from [androidx.lifecycle:lifecycle-viewmodel:2.1.0] AndroidManifest.xml:20:5-44
MERGED from [androidx.savedstate:savedstate:1.0.0] AndroidManifest.xml:20:5-22:41
MERGED from [androidx.savedstate:savedstate:1.0.0] AndroidManifest.xml:20:5-22:41
MERGED from [androidx.lifecycle:lifecycle-livedata:2.0.0] AndroidManifest.xml:20:5-44
MERGED from [androidx.lifecycle:lifecycle-livedata:2.0.0] AndroidManifest.xml:20:5-44
MERGED from [androidx.lifecycle:lifecycle-livedata-core:2.0.0] AndroidManifest.xml:20:5-44
MERGED from [androidx.lifecycle:lifecycle-livedata-core:2.0.0] AndroidManifest.xml:20:5-44
MERGED from [androidx.arch.core:core-runtime:2.0.0] AndroidManifest.xml:20:5-44
MERGED from [androidx.arch.core:core-runtime:2.0.0] AndroidManifest.xml:20:5-44
MERGED from [com.google.android.gms:play-services-ads-base:18.0.0] AndroidManifest.xml:5:5-44
MERGED from [com.google.android.gms:play-services-ads-base:18.0.0] AndroidManifest.xml:5:5-44
MERGED from [com.getkeepsafe.relinker:relinker:1.3.1] AndroidManifest.xml:5:5-43
MERGED from [com.getkeepsafe.relinker:relinker:1.3.1] AndroidManifest.xml:5:5-43
INJECTED from src/main/AndroidManifest.xml
INJECTED from src/main/AndroidManifest.xml
	tools:overrideLibrary
		ADDED from [com.google.android.gms:play-services-ads:18.0.0] AndroidManifest.xml:23:9-49
	android:targetSdkVersion
		INJECTED from src/main/AndroidManifest.xml
		ADDED from src/main/AndroidManifest.xml
		INJECTED from src/main/AndroidManifest.xml
	android:minSdkVersion
		INJECTED from src/main/AndroidManifest.xml
		ADDED from src/main/AndroidManifest.xml
		INJECTED from src/main/AndroidManifest.xml
uses-feature#0x00020000
ADDED from [com.naver.maps:map-sdk:3.5.0] AndroidManifest.xml:11:5-13:35
MERGED from [com.google.android.gms:play-services-maps:17.0.0] AndroidManifest.xml:26:5-28:35
MERGED from [com.google.android.gms:play-services-maps:17.0.0] AndroidManifest.xml:26:5-28:35
	android:glEsVersion
		ADDED from [com.naver.maps:map-sdk:3.5.0] AndroidManifest.xml:12:9-41
	android:required
		ADDED from [com.naver.maps:map-sdk:3.5.0] AndroidManifest.xml:13:9-32
uses-feature#android.hardware.wifi
ADDED from [com.naver.maps:map-sdk:3.5.0] AndroidManifest.xml:14:5-16:36
	android:required
		ADDED from [com.naver.maps:map-sdk:3.5.0] AndroidManifest.xml:16:9-33
	android:name
		ADDED from [com.naver.maps:map-sdk:3.5.0] AndroidManifest.xml:15:9-45
uses-permission#android.permission.ACCESS_WIFI_STATE
ADDED from [com.naver.maps:map-sdk:3.5.0] AndroidManifest.xml:20:5-76
	android:name
		ADDED from [com.naver.maps:map-sdk:3.5.0] AndroidManifest.xml:20:22-73
activity#com.naver.maps.map.app.LegendActivity
ADDED from [com.naver.maps:map-sdk:3.5.0] AndroidManifest.xml:23:9-27:51
	android:label
		ADDED from [com.naver.maps:map-sdk:3.5.0] AndroidManifest.xml:26:13-52
	android:configChanges
		ADDED from [com.naver.maps:map-sdk:3.5.0] AndroidManifest.xml:25:13-91
	android:theme
		ADDED from [com.naver.maps:map-sdk:3.5.0] AndroidManifest.xml:27:13-48
	android:name
		ADDED from [com.naver.maps:map-sdk:3.5.0] AndroidManifest.xml:24:13-65
activity#com.naver.maps.map.app.LegalNoticeActivity
ADDED from [com.naver.maps:map-sdk:3.5.0] AndroidManifest.xml:28:9-32:51
	android:label
		ADDED from [com.naver.maps:map-sdk:3.5.0] AndroidManifest.xml:31:13-58
	android:configChanges
		ADDED from [com.naver.maps:map-sdk:3.5.0] AndroidManifest.xml:30:13-91
	android:theme
		ADDED from [com.naver.maps:map-sdk:3.5.0] AndroidManifest.xml:32:13-48
	android:name
		ADDED from [com.naver.maps:map-sdk:3.5.0] AndroidManifest.xml:29:13-70
activity#com.naver.maps.map.app.OpenSourceLicenseActivity
ADDED from [com.naver.maps:map-sdk:3.5.0] AndroidManifest.xml:33:9-37:51
	android:label
		ADDED from [com.naver.maps:map-sdk:3.5.0] AndroidManifest.xml:36:13-65
	android:configChanges
		ADDED from [com.naver.maps:map-sdk:3.5.0] AndroidManifest.xml:35:13-91
	android:theme
		ADDED from [com.naver.maps:map-sdk:3.5.0] AndroidManifest.xml:37:13-48
	android:name
		ADDED from [com.naver.maps:map-sdk:3.5.0] AndroidManifest.xml:34:13-76
uses-library#org.apache.http.legacy
ADDED from [com.google.android.gms:play-services-maps:17.0.0] AndroidManifest.xml:33:9-35:40
	android:required
		ADDED from [com.google.android.gms:play-services-maps:17.0.0] AndroidManifest.xml:35:13-37
	android:name
		ADDED from [com.google.android.gms:play-services-maps:17.0.0] AndroidManifest.xml:34:13-50
activity#com.google.android.gms.ads.AdActivity
ADDED from [com.google.android.gms:play-services-ads-lite:18.0.0] AndroidManifest.xml:29:9-33:64
	android:exported
		ADDED from [com.google.android.gms:play-services-ads-lite:18.0.0] AndroidManifest.xml:32:13-37
	android:configChanges
		ADDED from [com.google.android.gms:play-services-ads-lite:18.0.0] AndroidManifest.xml:31:13-122
	android:theme
		ADDED from [com.google.android.gms:play-services-ads-lite:18.0.0] AndroidManifest.xml:33:13-61
	android:name
		ADDED from [com.google.android.gms:play-services-ads-lite:18.0.0] AndroidManifest.xml:30:13-65
provider#com.google.android.gms.ads.MobileAdsInitProvider
ADDED from [com.google.android.gms:play-services-ads-lite:18.0.0] AndroidManifest.xml:35:9-39:39
	android:authorities
		ADDED from [com.google.android.gms:play-services-ads-lite:18.0.0] AndroidManifest.xml:37:13-73
	android:exported
		ADDED from [com.google.android.gms:play-services-ads-lite:18.0.0] AndroidManifest.xml:38:13-37
	android:initOrder
		ADDED from [com.google.android.gms:play-services-ads-lite:18.0.0] AndroidManifest.xml:39:13-36
	android:name
		ADDED from [com.google.android.gms:play-services-ads-lite:18.0.0] AndroidManifest.xml:36:13-76
activity#com.google.android.gms.common.api.GoogleApiActivity
ADDED from [com.google.android.gms:play-services-base:17.0.0] AndroidManifest.xml:23:9-26:75
	android:exported
		ADDED from [com.google.android.gms:play-services-base:17.0.0] AndroidManifest.xml:25:13-37
	android:theme
		ADDED from [com.google.android.gms:play-services-base:17.0.0] AndroidManifest.xml:26:13-72
	android:name
		ADDED from [com.google.android.gms:play-services-base:17.0.0] AndroidManifest.xml:24:13-79
uses-permission#android.permission.WAKE_LOCK